<?xml version="1.0" encoding="UTF-8"?>
<!-- Generated by org.testng.reporters.JUnitReportReporter -->
<testsuite hostname="Mynampati" name="testrunner.TestRunner" tests="1" failures="0" timestamp="16 Aug 2020 02:26:17 GMT" time="2.959" errors="0">
  <testcase name="feature" time="2.959" classname="testrunner.TestRunner"/>
</testsuite> <!-- testrunner.TestRunner -->
