<?xml version="1.0" encoding="UTF-8"?>
<!-- Generated by org.testng.reporters.JUnitReportReporter -->
<testsuite hostname="PWVDIMPSQA-07" name="testrunner.TestRunner" tests="1" failures="0" timestamp="14 Feb 2020 10:02:50 GMT" time="25.050" errors="0">
  <testcase name="feature" time="25.050" classname="testrunner.TestRunner"/>
</testsuite> <!-- testrunner.TestRunner -->
