<?xml version="1.0" encoding="UTF-8"?>
<!-- Generated by org.testng.reporters.JUnitReportReporter -->
<testsuite hostname="PWVDIMPSQA-07" name="testrunner.PageRunner" tests="1" failures="0" timestamp="11 Feb 2020 09:14:43 GMT" time="0.404" errors="0">
  <testcase name="feature" time="0.404" classname="testrunner.PageRunner"/>
</testsuite> <!-- testrunner.PageRunner -->
